
GDIARIO "LA UNION"              ( SDCLASS  VERSION SDC-2.06   )


RESUMEN DE ENVIO de > ADMINISTRACION <
================H

  ENVIO: D¡a: 10-07-1998  Hora: 21:09:36
  AVISOS CAPTURADOS: D¡a: 10/07/98


ALTAS ENVIADAS

   91271 AVISO ENVIADO  >>> O.K. <<<
   91506 AVISO ENVIADO  >>> O.K. <<<
   91507 AVISO ENVIADO  >>> O.K. <<<
   91508 AVISO ENVIADO  >>> O.K. <<<
   91509 AVISO ENVIADO  >>> O.K. <<<
   91510 AVISO ENVIADO  >>> O.K. <<<
   91511 AVISO ENVIADO  >>> O.K. <<<
   91512 AVISO ENVIADO  >>> O.K. <<<
   91513 AVISO ENVIADO  >>> O.K. <<<
   91514 AVISO ENVIADO  >>> O.K. <<<
   91515 AVISO ENVIADO  >>> O.K. <<<
   91516 AVISO ENVIADO  >>> O.K. <<<
   91517 AVISO ENVIADO  >>> O.K. <<<
   91518 AVISO ENVIADO  >>> O.K. <<<
   91519 AVISO ENVIADO  >>> O.K. <<<
   91520 AVISO ENVIADO  >>> O.K. <<<
   91521 AVISO ENVIADO  >>> O.K. <<<
   91522 AVISO ENVIADO  >>> O.K. <<<
   91523 AVISO ENVIADO  >>> O.K. <<<
   91524 AVISO ENVIADO  >>> O.K. <<<
   91525 AVISO ENVIADO  >>> O.K. <<<
   91526 AVISO ENVIADO  >>> O.K. <<<
   91527 AVISO ENVIADO  >>> O.K. <<<
   91528 AVISO ENVIADO  >>> O.K. <<<
   91529 AVISO ENVIADO  >>> O.K. <<<
   91530 AVISO ENVIADO  >>> O.K. <<<
   91531 AVISO ENVIADO  >>> O.K. <<<
   91532 AVISO ENVIADO  >>> O.K. <<<
   91533 AVISO ENVIADO  >>> O.K. <<<
   91534 AVISO ENVIADO  >>> O.K. <<<
   91535 AVISO ENVIADO  >>> O.K. <<<
   91536 AVISO ENVIADO  >>> O.K. <<<
   91537 AVISO ENVIADO  >>> O.K. <<<
   91538 AVISO ENVIADO  >>> O.K. <<<
   91539 AVISO ENVIADO  >>> O.K. <<<
   91540 AVISO ENVIADO  >>> O.K. <<<
   91541 AVISO ENVIADO  >>> O.K. <<<
   91542 AVISO ENVIADO  >>> O.K. <<<
   91543 AVISO ENVIADO  >>> O.K. <<<
   91544 AVISO ENVIADO  >>> O.K. <<<
   91545 AVISO ENVIADO  >>> O.K. <<<
   91546 AVISO ENVIADO  >>> O.K. <<<
   91547 AVISO ENVIADO  >>> O.K. <<<
   91548 AVISO ENVIADO  >>> O.K. <<<
   91549 AVISO ENVIADO  >>> O.K. <<<
   91550 AVISO ENVIADO  >>> O.K. <<<
   91551 AVISO ENVIADO  >>> O.K. <<<
   91552 AVISO ENVIADO  >>> O.K. <<<
   91553 AVISO ENVIADO  >>> O.K. <<<
   91554 AVISO ENVIADO  >>> O.K. <<<
   91555 AVISO ENVIADO  >>> O.K. <<<
   91556 AVISO ENVIADO  >>> O.K. <<<
   91557 AVISO ENVIADO  >>> O.K. <<<
   91558 AVISO ENVIADO  >>> O.K. <<<
   91559 AVISO ENVIADO  >>> O.K. <<<
   91560 AVISO ENVIADO  >>> O.K. <<<
   91566 AVISO ENVIADO  >>> O.K. <<<
   91567 AVISO ENVIADO  >>> O.K. <<<
   91568 AVISO ENVIADO  >>> O.K. <<<
   91569 AVISO ENVIADO  >>> O.K. <<<
   91570 AVISO ENVIADO  >>> O.K. <<<
   91571 AVISO ENVIADO  >>> O.K. <<<
   91572 AVISO ENVIADO  >>> O.K. <<<
   91573 AVISO ENVIADO  >>> O.K. <<<
   91574 AVISO ENVIADO  >>> O.K. <<<
   91575 AVISO ENVIADO  >>> O.K. <<<
   91576 AVISO ENVIADO  >>> O.K. <<<
   91579 AVISO ENVIADO  >>> O.K. <<<
   91580 AVISO ENVIADO  >>> O.K. <<<
   91584 AVISO ENVIADO  >>> O.K. <<<
   91586 AVISO ENVIADO  >>> O.K. <<<
   91587 AVISO ENVIADO  >>> O.K. <<<
   91588 AVISO ENVIADO  >>> O.K. <<<
   91589 AVISO ENVIADO  >>> O.K. <<<
   91590 AVISO ENVIADO  >>> O.K. <<<
   91591 AVISO ENVIADO  >>> O.K. <<<
   91592 AVISO ENVIADO  >>> O.K. <<<
   91593 AVISO ENVIADO  >>> O.K. <<<
   91594 AVISO ENVIADO  >>> O.K. <<<
   91595 AVISO ENVIADO  >>> O.K. <<<
   91596 AVISO ENVIADO  >>> O.K. <<<
   91597 AVISO ENVIADO  >>> O.K. <<<
   91598 AVISO ENVIADO  >>> O.K. <<<
   91599 AVISO ENVIADO  >>> O.K. <<<
   91601 AVISO ENVIADO  >>> O.K. <<<
   91602 AVISO ENVIADO  >>> O.K. <<<
   91603 AVISO ENVIADO  >>> O.K. <<<
   91604 AVISO ENVIADO  >>> O.K. <<<
   91605 AVISO ENVIADO  >>> O.K. <<<
   91606 AVISO ENVIADO  >>> O.K. <<<
   91607 AVISO ENVIADO  >>> O.K. <<<
   91609 AVISO ENVIADO  >>> O.K. <<<
   91610 AVISO ENVIADO  >>> O.K. <<<
   91617 AVISO ENVIADO  >>> O.K. <<<
   91619 AVISO ENVIADO  >>> O.K. <<<
   91620 AVISO ENVIADO  >>> O.K. <<<
   91621 AVISO ENVIADO  >>> O.K. <<<
   91622 AVISO ENVIADO  >>> O.K. <<<
   91623 AVISO ENVIADO  >>> O.K. <<<
   91625 AVISO ENVIADO  >>> O.K. <<<
   91626 AVISO ENVIADO  >>> O.K. <<<
   91627 AVISO ENVIADO  >>> O.K. <<<
   91628 AVISO ENVIADO  >>> O.K. <<<
   91629 AVISO ENVIADO  >>> O.K. <<<
   91630 AVISO ENVIADO  >>> O.K. <<<
   91631 AVISO ENVIADO  >>> O.K. <<<
   91632 AVISO ENVIADO  >>> O.K. <<<
   91633 AVISO ENVIADO  >>> O.K. <<<
   91634 AVISO ENVIADO  >>> O.K. <<<
   91636 AVISO ENVIADO  >>> O.K. <<<
   91637 AVISO ENVIADO  >>> O.K. <<<
   91639 AVISO ENVIADO  >>> O.K. <<<
   91644 AVISO ENVIADO  >>> O.K. <<<
   91651 AVISO ENVIADO  >>> O.K. <<<
   91654 AVISO ENVIADO  >>> O.K. <<<
   91657 AVISO ENVIADO  >>> O.K. <<<
   91659 AVISO ENVIADO  >>> O.K. <<<
   91660 AVISO ENVIADO  >>> O.K. <<<
   91661 AVISO ENVIADO  >>> O.K. <<<
   91662 AVISO ENVIADO  >>> O.K. <<<
   91663 AVISO ENVIADO  >>> O.K. <<<
   91664 AVISO ENVIADO  >>> O.K. <<<
   91665 AVISO ENVIADO  >>> O.K. <<<
   91666 AVISO ENVIADO  >>> O.K. <<<
   91671 AVISO ENVIADO  >>> O.K. <<<
   91672 AVISO ENVIADO  >>> O.K. <<<
   91673 AVISO ENVIADO  >>> O.K. <<<
   91674 AVISO ENVIADO  >>> O.K. <<<
   91675 AVISO ENVIADO  >>> O.K. <<<
   91676 AVISO ENVIADO  >>> O.K. <<<
   91677 AVISO ENVIADO  >>> O.K. <<<
   91678 AVISO ENVIADO  >>> O.K. <<<
   91679 AVISO ENVIADO  >>> O.K. <<<
   91680 AVISO ENVIADO  >>> O.K. <<<
   91683 AVISO ENVIADO  >>> O.K. <<<
   91687 AVISO ENVIADO  >>> O.K. <<<
   91691 AVISO ENVIADO  >>> O.K. <<<
   91695 AVISO ENVIADO  >>> O.K. <<<
   91696 AVISO ENVIADO  >>> O.K. <<<
   91701 AVISO ENVIADO  >>> O.K. <<<
   91703 AVISO ENVIADO  >>> O.K. <<<
   91704 AVISO ENVIADO  >>> O.K. <<<
   91705 AVISO ENVIADO  >>> O.K. <<<
   91706 AVISO ENVIADO  >>> O.K. <<<
   91708 AVISO ENVIADO  >>> O.K. <<<
   91709 AVISO ENVIADO  >>> O.K. <<<
   91710 AVISO ENVIADO  >>> O.K. <<<
   91711 AVISO ENVIADO  >>> O.K. <<<
   91712 AVISO ENVIADO  >>> O.K. <<<
   91713 AVISO ENVIADO  >>> O.K. <<<
   91714 AVISO ENVIADO  >>> O.K. <<<
   91715 AVISO ENVIADO  >>> O.K. <<<
   91716 AVISO ENVIADO  >>> O.K. <<<
   91717 AVISO ENVIADO  >>> O.K. <<<
   91720 AVISO ENVIADO  >>> O.K. <<<
   91733 AVISO ENVIADO  >>> O.K. <<<
   91739 AVISO ENVIADO  >>> O.K. <<<
   91743 AVISO ENVIADO  >>> O.K. <<<
   91747 AVISO ENVIADO  >>> O.K. <<<
   91749 AVISO ENVIADO  >>> O.K. <<<
   91754 AVISO ENVIADO  >>> O.K. <<<
   91761 AVISO ENVIADO  >>> O.K. <<<
   91790 AVISO ENVIADO  >>> O.K. <<<
   91793 AVISO ENVIADO  >>> O.K. <<<
   91794 AVISO ENVIADO  >>> O.K. <<<
   91796 AVISO ENVIADO  >>> O.K. <<<
   91797 AVISO ENVIADO  >>> O.K. <<<
   91800 AVISO ENVIADO  >>> O.K. <<<
   91805 AVISO ENVIADO  >>> O.K. <<<
   91825 AVISO ENVIADO  >>> O.K. <<<
   91850 AVISO ENVIADO  >>> O.K. <<<
   91903 AVISO ENVIADO  >>> O.K. <<<
   91905 AVISO ENVIADO  >>> O.K. <<<
   91723 AVISO ENVIADO  >>> O.K. <<<
   91699 AVISO ENVIADO  >>> O.K. <<<
   91700 AVISO ENVIADO  >>> O.K. <<<
   91702 AVISO ENVIADO  >>> O.K. <<<
   91707 AVISO ENVIADO  >>> O.K. <<<
   91860 AVISO ENVIADO  >>> O.K. <<<
   91861 AVISO ENVIADO  >>> O.K. <<<
   91865 AVISO ENVIADO  >>> O.K. <<<
   91867 AVISO ENVIADO  >>> O.K. <<<
   91868 AVISO ENVIADO  >>> O.K. <<<
   91869 AVISO ENVIADO  >>> O.K. <<<
   91870 AVISO ENVIADO  >>> O.K. <<<
   91871 AVISO ENVIADO  >>> O.K. <<<
   91873 AVISO ENVIADO  >>> O.K. <<<
   91874 AVISO ENVIADO  >>> O.K. <<<
   91876 AVISO ENVIADO  >>> O.K. <<<
   91879 AVISO ENVIADO  >>> O.K. <<<
   91667 AVISO ENVIADO  >>> O.K. <<<
   91645 AVISO ENVIADO  >>> O.K. <<<
   91655 AVISO ENVIADO  >>> O.K. <<<
   91656 AVISO ENVIADO  >>> O.K. <<<
   91658 AVISO ENVIADO  >>> O.K. <<<
   91719 AVISO ENVIADO  >>> O.K. <<<
   91721 AVISO ENVIADO  >>> O.K. <<<
   91722 AVISO ENVIADO  >>> O.K. <<<
   91697 AVISO ENVIADO  >>> O.K. <<<
   91698 AVISO ENVIADO  >>> O.K. <<<
   91638 AVISO ENVIADO  >>> O.K. <<<
   91640 AVISO ENVIADO  >>> O.K. <<<
   91641 AVISO ENVIADO  >>> O.K. <<<
   91642 AVISO ENVIADO  >>> O.K. <<<
   91643 AVISO ENVIADO  >>> O.K. <<<
   91577 AVISO ENVIADO  >>> O.K. <<<
   91646 AVISO ENVIADO  >>> O.K. <<<
   91693 AVISO ENVIADO  >>> O.K. <<<
   91694 AVISO ENVIADO  >>> O.K. <<<
   91561 AVISO ENVIADO  >>> O.K. <<<
   91563 AVISO ENVIADO  >>> O.K. <<<
   91564 AVISO ENVIADO  >>> O.K. <<<
   91725 AVISO ENVIADO  >>> O.K. <<<
   91727 AVISO ENVIADO  >>> O.K. <<<
   91729 AVISO ENVIADO  >>> O.K. <<<
   91731 AVISO ENVIADO  >>> O.K. <<<
   91734 AVISO ENVIADO  >>> O.K. <<<
   91862 AVISO ENVIADO  >>> O.K. <<<
   91578 AVISO ENVIADO  >>> O.K. <<<
   91881 AVISO ENVIADO  >>> O.K. <<<
   91882 AVISO ENVIADO  >>> O.K. <<<
   91884 AVISO ENVIADO  >>> O.K. <<<
   91885 AVISO ENVIADO  >>> O.K. <<<
   91887 AVISO ENVIADO  >>> O.K. <<<
   91889 AVISO ENVIADO  >>> O.K. <<<
   91892 AVISO ENVIADO  >>> O.K. <<<
   91894 AVISO ENVIADO  >>> O.K. <<<
   91896 AVISO ENVIADO  >>> O.K. <<<
   91898 AVISO ENVIADO  >>> O.K. <<<
   91900 AVISO ENVIADO  >>> O.K. <<<
   91902 AVISO ENVIADO  >>> O.K. <<<
   91904 AVISO ENVIADO  >>> O.K. <<<
   91906 AVISO ENVIADO  >>> O.K. <<<
   91907 AVISO ENVIADO  >>> O.K. <<<
   91908 AVISO ENVIADO  >>> O.K. <<<
   91909 AVISO ENVIADO  >>> O.K. <<<
   91910 AVISO ENVIADO  >>> O.K. <<<
   91911 AVISO ENVIADO  >>> O.K. <<<
   91912 AVISO ENVIADO  >>> O.K. <<<
   91913 AVISO ENVIADO  >>> O.K. <<<
   91914 AVISO ENVIADO  >>> O.K. <<<
   91689 AVISO ENVIADO  >>> O.K. <<<
   91692 AVISO ENVIADO  >>> O.K. <<<
   91789 AVISO ENVIADO  >>> O.K. <<<
   91792 AVISO ENVIADO  >>> O.K. <<<
   91806 AVISO ENVIADO  >>> O.K. <<<
   91808 AVISO ENVIADO  >>> O.K. <<<
   91810 AVISO ENVIADO  >>> O.K. <<<
   91811 AVISO ENVIADO  >>> O.K. <<<
   91815 AVISO ENVIADO  >>> O.K. <<<
   91824 AVISO ENVIADO  >>> O.K. <<<
   91827 AVISO ENVIADO  >>> O.K. <<<
   91829 AVISO ENVIADO  >>> O.K. <<<
   91832 AVISO ENVIADO  >>> O.K. <<<
   91834 AVISO ENVIADO  >>> O.K. <<<
   91581 AVISO ENVIADO  >>> O.K. <<<
   91582 AVISO ENVIADO  >>> O.K. <<<
   91583 AVISO ENVIADO  >>> O.K. <<<
   91585 AVISO ENVIADO  >>> O.K. <<<
   91608 AVISO ENVIADO  >>> O.K. <<<
   91611 AVISO ENVIADO  >>> O.K. <<<
   91612 AVISO ENVIADO  >>> O.K. <<<
   91613 AVISO ENVIADO  >>> O.K. <<<
   91614 AVISO ENVIADO  >>> O.K. <<<
   91615 AVISO ENVIADO  >>> O.K. <<<
   91616 AVISO ENVIADO  >>> O.K. <<<
   91618 AVISO ENVIADO  >>> O.K. <<<
   91752 AVISO ENVIADO  >>> O.K. <<<
   91755 AVISO ENVIADO  >>> O.K. <<<
   91758 AVISO ENVIADO  >>> O.K. <<<
   91766 AVISO ENVIADO  >>> O.K. <<<
   91562 AVISO ENVIADO  >>> O.K. <<<
   91565 AVISO ENVIADO  >>> O.K. <<<
   91737 AVISO ENVIADO  >>> O.K. <<<
   91866 AVISO ENVIADO  >>> O.K. <<<
   91872 AVISO ENVIADO  >>> O.K. <<<
   91875 AVISO ENVIADO  >>> O.K. <<<
   91877 AVISO ENVIADO  >>> O.K. <<<
   91878 AVISO ENVIADO  >>> O.K. <<<
   91746 AVISO ENVIADO  >>> O.K. <<<
   91748 AVISO ENVIADO  >>> O.K. <<<
   91750 AVISO ENVIADO  >>> O.K. <<<
   91751 AVISO ENVIADO  >>> O.K. <<<
   91753 AVISO ENVIADO  >>> O.K. <<<
   91756 AVISO ENVIADO  >>> O.K. <<<
   91757 AVISO ENVIADO  >>> O.K. <<<
   91760 AVISO ENVIADO  >>> O.K. <<<
   91764 AVISO ENVIADO  >>> O.K. <<<
   91768 AVISO ENVIADO  >>> O.K. <<<
   91771 AVISO ENVIADO  >>> O.K. <<<
   91772 AVISO ENVIADO  >>> O.K. <<<
   91774 AVISO ENVIADO  >>> O.K. <<<
   91776 AVISO ENVIADO  >>> O.K. <<<
   91779 AVISO ENVIADO  >>> O.K. <<<
   91782 AVISO ENVIADO  >>> O.K. <<<
   91785 AVISO ENVIADO  >>> O.K. <<<
   91786 AVISO ENVIADO  >>> O.K. <<<
   91788 AVISO ENVIADO  >>> O.K. <<<
   91791 AVISO ENVIADO  >>> O.K. <<<
   91795 AVISO ENVIADO  >>> O.K. <<<
   91798 AVISO ENVIADO  >>> O.K. <<<
   91799 AVISO ENVIADO  >>> O.K. <<<
   91801 AVISO ENVIADO  >>> O.K. <<<
   91802 AVISO ENVIADO  >>> O.K. <<<
   91803 AVISO ENVIADO  >>> O.K. <<<
   91804 AVISO ENVIADO  >>> O.K. <<<
   91807 AVISO ENVIADO  >>> O.K. <<<
   91809 AVISO ENVIADO  >>> O.K. <<<
   91812 AVISO ENVIADO  >>> O.K. <<<
   91814 AVISO ENVIADO  >>> O.K. <<<
   91816 AVISO ENVIADO  >>> O.K. <<<
   91817 AVISO ENVIADO  >>> O.K. <<<
   91819 AVISO ENVIADO  >>> O.K. <<<
   91820 AVISO ENVIADO  >>> O.K. <<<
   91718 AVISO ENVIADO  >>> O.K. <<<
   91724 AVISO ENVIADO  >>> O.K. <<<
   91726 AVISO ENVIADO  >>> O.K. <<<
   91728 AVISO ENVIADO  >>> O.K. <<<
   91730 AVISO ENVIADO  >>> O.K. <<<
   91732 AVISO ENVIADO  >>> O.K. <<<
   91735 AVISO ENVIADO  >>> O.K. <<<
   91736 AVISO ENVIADO  >>> O.K. <<<
   91738 AVISO ENVIADO  >>> O.K. <<<
   91740 AVISO ENVIADO  >>> O.K. <<<
   91741 AVISO ENVIADO  >>> O.K. <<<
   91742 AVISO ENVIADO  >>> O.K. <<<
   91745 AVISO ENVIADO  >>> O.K. <<<
   91759 AVISO ENVIADO  >>> O.K. <<<
   91762 AVISO ENVIADO  >>> O.K. <<<
   91763 AVISO ENVIADO  >>> O.K. <<<
   91765 AVISO ENVIADO  >>> O.K. <<<
   91767 AVISO ENVIADO  >>> O.K. <<<
   91769 AVISO ENVIADO  >>> O.K. <<<
   91770 AVISO ENVIADO  >>> O.K. <<<
   91773 AVISO ENVIADO  >>> O.K. <<<
   91775 AVISO ENVIADO  >>> O.K. <<<
   91777 AVISO ENVIADO  >>> O.K. <<<
   91778 AVISO ENVIADO  >>> O.K. <<<
   91780 AVISO ENVIADO  >>> O.K. <<<
   91781 AVISO ENVIADO  >>> O.K. <<<
   91783 AVISO ENVIADO  >>> O.K. <<<
   91784 AVISO ENVIADO  >>> O.K. <<<
   91787 AVISO ENVIADO  >>> O.K. <<<
   91813 AVISO ENVIADO  >>> O.K. <<<
   91818 AVISO ENVIADO  >>> O.K. <<<
   91444 AVISO ENVIADO  >>> O.K. <<<
   91821 AVISO ENVIADO  >>> O.K. <<<
   91822 AVISO ENVIADO  >>> O.K. <<<
   91823 AVISO ENVIADO  >>> O.K. <<<
   91828 AVISO ENVIADO  >>> O.K. <<<
   91830 AVISO ENVIADO  >>> O.K. <<<
   91831 AVISO ENVIADO  >>> O.K. <<<
   91647 AVISO ENVIADO  >>> O.K. <<<
   91648 AVISO ENVIADO  >>> O.K. <<<
   91649 AVISO ENVIADO  >>> O.K. <<<
   91650 AVISO ENVIADO  >>> O.K. <<<
   91652 AVISO ENVIADO  >>> O.K. <<<
   91653 AVISO ENVIADO  >>> O.K. <<<
   91864 AVISO ENVIADO  >>> O.K. <<<
   91826 AVISO ENVIADO  >>> O.K. <<<
   91833 AVISO ENVIADO  >>> O.K. <<<
   91835 AVISO ENVIADO  >>> O.K. <<<
   91838 AVISO ENVIADO  >>> O.K. <<<
   91840 AVISO ENVIADO  >>> O.K. <<<
   91842 AVISO ENVIADO  >>> O.K. <<<
   91845 AVISO ENVIADO  >>> O.K. <<<
   91853 AVISO ENVIADO  >>> O.K. <<<
   91857 AVISO ENVIADO  >>> O.K. <<<
   91684 AVISO ENVIADO  >>> O.K. <<<
   91685 AVISO ENVIADO  >>> O.K. <<<
   91686 AVISO ENVIADO  >>> O.K. <<<
   91688 AVISO ENVIADO  >>> O.K. <<<
   91690 AVISO ENVIADO  >>> O.K. <<<
   91836 AVISO ENVIADO  >>> O.K. <<<
   91837 AVISO ENVIADO  >>> O.K. <<<
   91839 AVISO ENVIADO  >>> O.K. <<<
   91841 AVISO ENVIADO  >>> O.K. <<<
   91843 AVISO ENVIADO  >>> O.K. <<<
   91844 AVISO ENVIADO  >>> O.K. <<<
   91846 AVISO ENVIADO  >>> O.K. <<<
   91847 AVISO ENVIADO  >>> O.K. <<<
   91668 AVISO ENVIADO  >>> O.K. <<<
   91669 AVISO ENVIADO  >>> O.K. <<<
   91670 AVISO ENVIADO  >>> O.K. <<<
   91681 AVISO ENVIADO  >>> O.K. <<<
   91682 AVISO ENVIADO  >>> O.K. <<<
   91848 AVISO ENVIADO  >>> O.K. <<<
   91849 AVISO ENVIADO  >>> O.K. <<<
   91851 AVISO ENVIADO  >>> O.K. <<<
   91852 AVISO ENVIADO  >>> O.K. <<<
   91854 AVISO ENVIADO  >>> O.K. <<<
   91855 AVISO ENVIADO  >>> O.K. <<<
   91856 AVISO ENVIADO  >>> O.K. <<<
   91858 AVISO ENVIADO  >>> O.K. <<<
   91859 AVISO ENVIADO  >>> O.K. <<<
   91863 AVISO ENVIADO  >>> O.K. <<<
   91880 AVISO ENVIADO  >>> O.K. <<<
   91883 AVISO ENVIADO  >>> O.K. <<<
   91886 AVISO ENVIADO  >>> O.K. <<<
   91888 AVISO ENVIADO  >>> O.K. <<<
   91890 AVISO ENVIADO  >>> O.K. <<<
   91891 AVISO ENVIADO  >>> O.K. <<<
   91893 AVISO ENVIADO  >>> O.K. <<<
   91895 AVISO ENVIADO  >>> O.K. <<<
   91897 AVISO ENVIADO  >>> O.K. <<<
   91899 AVISO ENVIADO  >>> O.K. <<<
   91901 AVISO ENVIADO  >>> O.K. <<<
   91744 AVISO ENVIADO  >>> O.K. <<<
   91600 AVISO ENVIADO  >>> O.K. <<<
   91624 AVISO ENVIADO  >>> O.K. <<<

BAJAS ENVIADAS

   91635 AVISO sin d¡as a publicar ### ERROR ###

>>>>>>>>>>>>>>>>>>>>>>>> CIERRE DE ENVIO <<<<<<<<<<<<<<<<<<<<<<<<<<<<<
