

D: 10-07-1998  H: 16:55:57  M: INGRESO  U: ANDREA
###  ERROR De OPERACION (#1725)  EN RUBRO

D: 10-07-1998  H: 16:56:14  M: INGRESO  U: ANDREA
###  ERROR De OPERACION (#1730)  EN SUBRUBRO

D: 10-07-1998  H: 16:56:20  M: INGRESO  U: ANDREA
###  ERROR De OPERACION (#1720)  AVISO NO ENCONTRADO

D: 10-07-1998  H: 17:35:18  M: INGRESO  U: ANDREA
###  ERROR De OPERACION (#1705)  Rango de b£squeda recortado > VISUALIZACION PARCIAL <

D: 10-07-1998  H: 17:35:46  M: INGRESO  U: ANDREA
###  ERROR De OPERACION (#1705)  Rango de b£squeda recortado > VISUALIZACION PARCIAL <

D: 10-07-1998  H: 18:11:49  M: INGRESO  U: ADRIANA
###  ERROR De OPERACION (#1720)  AVISO NO ENCONTRADO

D: 10-07-1998  H: 18:11:50  M: INGRESO  U: ADRIANA
###  ERROR De OPERACION (#1725)  EN RUBRO

D: 10-07-1998  H: 18:14:28  M: INGRESO  U: ADRIANA
###  ERROR De OPERACION (#1720)  AVISO NO ENCONTRADO

D: 10-07-1998  H: 18:35:03  M: INGRESO  U: ADRIANA
###  ERROR De OPERACION (#1715)  TEXTO NO JUSTIFICADO (entre al editor y presione F10)

D: 10-07-1998  H: 18:35:59  M: INGRESO  U: ADRIANA
###  ERROR en VERIFICACION (#1610)  VERIFIQUE DIAS A PUBLICAR

D: 10-07-1998  H: 18:41:05  M: INGRESO  U: ADRIANA
###  ERROR en VERIFICACION (#1610)  VERIFIQUE DIAS A PUBLICAR

D: 10-07-1998  H: 18:45:44  M: INGRESO  U: ADRIANA
###  ERROR en VERIFICACION (#1610)  VERIFIQUE DIAS A PUBLICAR

D: 10-07-1998  H: 18:46:07  M: INGRESO  U: ADRIANA
###  ERROR De OPERACION (#1720)  AVISO NO ENCONTRADO

D: 10-07-1998  H: 20:55:29  M: INGRESO  U: ANDREA
###  ERROR en VERIFICACION (#1610)  VERIFIQUE DIAS A PUBLICAR

D: 10-07-1998  H: 21:09:56  M: INGRESO  U: ANDREA
###  ERROR en VERIFICACION (#1610)  VERIFIQUE DIAS A PUBLICAR

D: 10-07-1998  H: 21:12:41  M: AGENCIAS  U: -----
###  ERROR De INSTALACION o de HARDWARE (#1805)  El aviso actual carece de d¡as a publicar.

D: 10-07-1998  H: 21:15:47  M: INGRESO  U: ANDREA
###  ERROR en VERIFICACION (#1610)  VERIFIQUE DIAS A PUBLICAR

D: 10-07-1998  H: 21:18:35  M: INGRESO  U: ANDREA
###  ERROR De OPERACION (#1720)  AVISO NO ENCONTRADO

D: 10-07-1998  H: 21:19:18  M: INGRESO  U: ANDREA
###  ERROR en VERIFICACION (#1610)  VERIFIQUE DIAS A PUBLICAR

D: 10-07-1998  H: 21:25:49  M: INGRESO  U: ANDREA
###  ERROR en VERIFICACION (#1610)  VERIFIQUE DIAS A PUBLICAR

D: 10-07-1998  H: 21:26:52  M: INGRESO  U: ANDREA
###  ERROR en VERIFICACION (#1610)  VERIFIQUE DIAS A PUBLICAR

D: 10-07-1998  H: 21:29:00  M: INGRESO  U: ANDREA
###  ERROR De OPERACION (#1720)  AVISO NO ENCONTRADO

D: 10-07-1998  H: 23:19:35  M: INGRESO  U: ANDREA
###  ERROR De OPERACION (#1745)  EN CALENDARIO (NO HA MARCADO DIAS)

D: 10-07-1998  H: 23:21:40  M: COMPOSICION  U: -----
###  ERROR De INSTALACION o de HARDWARE (#1885)  FECHAS A PUBLICAR SIN DATOS DEL AVISO AVISOS.DBF (AD n§       86634)

D: 10-07-1998  H: 23:21:46  M: COMPOSICION  U: -----
###  ERROR De INSTALACION o de HARDWARE (#1885)  FECHAS A PUBLICAR SIN DATOS DEL AVISO AVISOS.DBF (AD n§       87255)

D: 10-07-1998  H: 23:21:48  M: COMPOSICION  U: -----
###  ERROR De INSTALACION o de HARDWARE (#1885)  FECHAS A PUBLICAR SIN DATOS DEL AVISO AVISOS.DBF (AD n§       89571)

D: 10-07-1998  H: 23:21:49  M: COMPOSICION  U: -----
###  ERROR De INSTALACION o de HARDWARE (#1885)  FECHAS A PUBLICAR SIN DATOS DEL AVISO AVISOS.DBF (AD n§       89571)

D: 10-07-1998  H: 23:21:51  M: COMPOSICION  U: -----
###  ERROR De INSTALACION o de HARDWARE (#1885)  FECHAS A PUBLICAR SIN DATOS DEL AVISO AVISOS.DBF (AD n§       91352)

D: 10-07-1998  H: 23:21:53  M: COMPOSICION  U: -----
###  ERROR De INSTALACION o de HARDWARE (#1885)  FECHAS A PUBLICAR SIN DATOS DEL AVISO AVISOS.DBF (AD n§       91490)

D: 10-07-1998  H: 23:21:58  M: COMPOSICION  U: -----
###  ERROR De INSTALACION o de HARDWARE (#1885)  FECHAS A PUBLICAR SIN DATOS DEL AVISO AVISOS.DBF (AD n§       89571)

D: 10-07-1998  H: 23:22:05  M: COMPOSICION  U: -----
###  ERROR De INSTALACION o de HARDWARE (#1885)  FECHAS A PUBLICAR SIN DATOS DEL AVISO AVISOS.DBF (AD n§       89571)

D: 10-07-1998  H: 23:24:11  M: COMPOSICION  U: -----
###  ERROR De INSTALACION o de HARDWARE (#1885)  FECHAS A PUBLICAR SIN DATOS DEL AVISO AVISOS.DBF (AD n§       87255)

D: 10-07-1998  H: 23:24:24  M: COMPOSICION  U: -----
###  ERROR De INSTALACION o de HARDWARE (#1885)  FECHAS A PUBLICAR SIN DATOS DEL AVISO AVISOS.DBF (AD n§       89571)

D: 10-07-1998  H: 23:24:31  M: COMPOSICION  U: -----
###  ERROR De INSTALACION o de HARDWARE (#1885)  FECHAS A PUBLICAR SIN DATOS DEL AVISO AVISOS.DBF (AD n§       89571)

D: 10-07-1998  H: 23:24:39  M: COMPOSICION  U: -----
###  ERROR De INSTALACION o de HARDWARE (#1885)  FECHAS A PUBLICAR SIN DATOS DEL AVISO AVISOS.DBF (AD n§       89571)

D: 10-07-1998  H: 23:24:48  M: COMPOSICION  U: -----
###  ERROR De INSTALACION o de HARDWARE (#1885)  FECHAS A PUBLICAR SIN DATOS DEL AVISO AVISOS.DBF (AD n§       89571)

D: 10-07-1998  H: 23:26:42  M: COMPOSICION  U: -----
###  ERROR De INSTALACION o de HARDWARE (#1885)  FECHAS A PUBLICAR SIN DATOS DEL AVISO AVISOS.DBF (AD n§       87255)

D: 10-07-1998  H: 23:26:48  M: COMPOSICION  U: -----
###  ERROR De INSTALACION o de HARDWARE (#1885)  FECHAS A PUBLICAR SIN DATOS DEL AVISO AVISOS.DBF (AD n§       89571)

D: 10-07-1998  H: 23:26:50  M: COMPOSICION  U: -----
###  ERROR De INSTALACION o de HARDWARE (#1885)  FECHAS A PUBLICAR SIN DATOS DEL AVISO AVISOS.DBF (AD n§       89571)

D: 10-07-1998  H: 23:26:53  M: COMPOSICION  U: -----
###  ERROR De INSTALACION o de HARDWARE (#1885)  FECHAS A PUBLICAR SIN DATOS DEL AVISO AVISOS.DBF (AD n§       89571)

D: 10-07-1998  H: 23:26:56  M: COMPOSICION  U: -----
###  ERROR De INSTALACION o de HARDWARE (#1885)  FECHAS A PUBLICAR SIN DATOS DEL AVISO AVISOS.DBF (AD n§       89571)

D: 10-07-1998  H: 23:28:25  M: INGRESO  U: ANDREA
###  ERROR De OPERACION (#1720)  AVISO NO ENCONTRADO

D: 10-07-1998  H: 23:28:34  M: INGRESO  U: ANDREA
###  ERROR De OPERACION (#1720)  AVISO NO ENCONTRADO

D: 10-07-1998  H: 23:28:49  M: INGRESO  U: ANDREA
###  ERROR De OPERACION (#1720)  AVISO NO ENCONTRADO

D: 10-07-1998  H: 23:38:59  M: COMPOSICION  U: -----
###  ERROR De INSTALACION o de HARDWARE (#1885)  FECHAS A PUBLICAR SIN DATOS DEL AVISO AVISOS.DBF (AD n§       89571)

D: 10-07-1998  H: 23:39:05  M: COMPOSICION  U: -----
###  ERROR De INSTALACION o de HARDWARE (#1885)  FECHAS A PUBLICAR SIN DATOS DEL AVISO AVISOS.DBF (AD n§       89571)

D: 10-07-1998  H: 23:39:09  M: COMPOSICION  U: -----
###  ERROR De INSTALACION o de HARDWARE (#1885)  FECHAS A PUBLICAR SIN DATOS DEL AVISO AVISOS.DBF (AD n§       89571)

D: 10-07-1998  H: 23:40:10  M: COMPOSICION  U: -----
###  ERROR De INSTALACION o de HARDWARE (#1885)  FECHAS A PUBLICAR SIN DATOS DEL AVISO AVISOS.DBF (AD n§       89571)

D: 10-07-1998  H: 23:40:16  M: COMPOSICION  U: -----
###  ERROR De INSTALACION o de HARDWARE (#1885)  FECHAS A PUBLICAR SIN DATOS DEL AVISO AVISOS.DBF (AD n§       89571)

D: 10-07-1998  H: 23:40:18  M: COMPOSICION  U: -----
###  ERROR De INSTALACION o de HARDWARE (#1885)  FECHAS A PUBLICAR SIN DATOS DEL AVISO AVISOS.DBF (AD n§       89571)

D: 10-07-1998  H: 23:46:41  M: COMPOSICION  U: -----
###  ERROR De INSTALACION o de HARDWARE (#1885)  FECHAS A PUBLICAR SIN DATOS DEL AVISO AVISOS.DBF (AD n§       89571)

D: 10-07-1998  H: 23:46:46  M: COMPOSICION  U: -----
###  ERROR De INSTALACION o de HARDWARE (#1885)  FECHAS A PUBLICAR SIN DATOS DEL AVISO AVISOS.DBF (AD n§       89571)

D: 10-07-1998  H: 23:48:37  M: INGRESO  U: ANDREA
###  ERROR De OPERACION (#1705)  Rango de b£squeda recortado > VISUALIZACION PARCIAL <

D: 10-07-1998  H: 23:49:39  M: INGRESO  U: ANDREA
###  ERROR De OPERACION (#1745)  EN CALENDARIO (NO HA MARCADO DIAS)

D: 13-07-2000  H: 12:28:54  M: INGRESO  U: ANDREA
###  ERROR De OPERACION (#1710)  DEMASIADOS REINTENTOS DE LOGEO

D: 13-07-2000  H: 12:55:59  M: INGRESO  U: ANDREA
###  ERROR De OPERACION (#1745)  EN CALENDARIO (NO HA MARCADO DIAS)

D: 13-07-2000  H: 13:07:20  M: INGRESO  U: ANDREA
###  ERROR en VERIFICACION (#1610)  VERIFIQUE DIAS A PUBLICAR

D: 13-07-2000  H: 14:13:46  M: INGRESO  U: ANDREA
###  ERROR De OPERACION (#1720)  AVISO NO ENCONTRADO

D: 13-07-2000  H: 15:28:25  M: INGRESO  U: ANDREA
###  ERROR De OPERACION (#1720)  AVISO NO ENCONTRADO

D: 13-07-2000  H: 15:28:32  M: INGRESO  U: ANDREA
###  ERROR De OPERACION (#1720)  AVISO NO ENCONTRADO

D: 13-07-2000  H: 15:34:22  M: INGRESO  U: ANDREA
###  ERROR De OPERACION (#1720)  AVISO NO ENCONTRADO

D: 13-07-2000  H: 15:34:30  M: INGRESO  U: ANDREA
###  ERROR en VERIFICACION (#1610)  VERIFIQUE DIAS A PUBLICAR

D:   H: 14:52:05  M: INGRESO  U: 
###  ERROR (#1710)  

D:   H: 14:52:08  M: INGRESO  U: 
###  ERROR (#150)   AGENCIAS.DBF

D:   H: 14:52:11  M: INGRESO  U: 
###  ERROR (#1710)  