
GDIARIO "LA UNION"              ( SDCLASS  VERSION SDC-2.06   )


RESUMEN DE ENVIO de > ADMINISTRACION <
================H

  ENVIO: D¡a: 15-06-2010  Hora: 22:29:30
  AVISOS CAPTURADOS: D¡a: 15/06/10


ALTAS ENVIADAS

  342283 AVISO ENVIADO  >>> O.K. <<<
  342284 AVISO ENVIADO  >>> O.K. <<<
  342285 AVISO ENVIADO  >>> O.K. <<<
  342286 AVISO ENVIADO  >>> O.K. <<<
  342287 AVISO ENVIADO  >>> O.K. <<<
  342288 AVISO ENVIADO  >>> O.K. <<<
  342289 AVISO ENVIADO  >>> O.K. <<<
  342290 AVISO ENVIADO  >>> O.K. <<<
  342291 AVISO ENVIADO  >>> O.K. <<<
  342292 AVISO ENVIADO  >>> O.K. <<<
  342293 AVISO ENVIADO  >>> O.K. <<<
  342294 AVISO ENVIADO  >>> O.K. <<<
  342295 AVISO ENVIADO  >>> O.K. <<<
  342296 AVISO ENVIADO  >>> O.K. <<<
  342297 AVISO ENVIADO  >>> O.K. <<<
  342298 AVISO ENVIADO  >>> O.K. <<<
  342299 AVISO ENVIADO  >>> O.K. <<<
  342300 AVISO ENVIADO  >>> O.K. <<<
  342301 AVISO ENVIADO  >>> O.K. <<<
  342302 AVISO ENVIADO  >>> O.K. <<<
  342303 AVISO ENVIADO  >>> O.K. <<<
  342308 AVISO ENVIADO  >>> O.K. <<<
  342309 AVISO ENVIADO  >>> O.K. <<<
  342310 AVISO ENVIADO  >>> O.K. <<<
  342315 AVISO ENVIADO  >>> O.K. <<<
  342316 AVISO ENVIADO  >>> O.K. <<<
  342317 AVISO ENVIADO  >>> O.K. <<<
  342319 AVISO ENVIADO  >>> O.K. <<<
  342305 AVISO ENVIADO  >>> O.K. <<<
  342306 AVISO ENVIADO  >>> O.K. <<<
  342307 AVISO ENVIADO  >>> O.K. <<<
  342311 AVISO ENVIADO  >>> O.K. <<<
  342312 AVISO ENVIADO  >>> O.K. <<<
  342304 AVISO ENVIADO  >>> O.K. <<<
  342313 AVISO ENVIADO  >>> O.K. <<<
  342314 AVISO ENVIADO  >>> O.K. <<<
  342318 AVISO ENVIADO  >>> O.K. <<<

BAJAS ENVIADAS


>>>>>>>>>>>>>>>>>>>>>>>> CIERRE DE ENVIO <<<<<<<<<<<<<<<<<<<<<<<<<<<<<
