

D: 16-04-2012  H: 10:12:04  M: INGRESO  U: ALICIA
###  ERROR De OPERACION (#1745)  EN CALENDARIO (NO HA MARCADO DIAS)

D: 16-04-2012  H: 10:12:17  M: INGRESO  U: ALICIA
###  ERROR De OPERACION (#1745)  EN CALENDARIO (NO HA MARCADO DIAS)

D: 16-04-2012  H: 10:12:55  M: INGRESO  U: ALICIA
###  ERROR en VERIFICACION (#1610)  VERIFIQUE DIAS A PUBLICAR

D: 16-04-2012  H: 10:12:57  M: INGRESO  U: ALICIA
###  ERROR De OPERACION (#1745)  EN CALENDARIO (NO HA MARCADO DIAS)

D: 16-04-2012  H: 10:13:31  M: INGRESO  U: ALICIA
###  ERROR De OPERACION (#1745)  EN CALENDARIO (NO HA MARCADO DIAS)

D: 16-04-2012  H: 10:15:17  M: INGRESO  U: ALICIA
###  NO ESTAN PERMITIDAS ALTAS CUANDO MODIFICA (#1795)  

D: 16-04-2012  H: 10:15:39  M: INGRESO  U: ALICIA
###  ERROR en VERIFICACION (#1610)  VERIFIQUE DIAS A PUBLICAR

D: 16-04-2012  H: 10:17:40  M: INGRESO  U: ALICIA
###  ERROR De OPERACION (#1745)  EN CALENDARIO (NO HA MARCADO DIAS)

D: 16-04-2012  H: 10:27:12  M: INGRESO  U: ALICIA
###  ERROR De OPERACION (#1720)  AVISO NO ENCONTRADO

D: 16-04-2012  H: 10:27:43  M: INGRESO  U: ALICIA
###  ERROR De OPERACION (#1745)  EN CALENDARIO (NO HA MARCADO DIAS)

D: 16-04-2012  H: 10:55:56  M: INGRESO  U: ALICIA
###  ERROR en VERIFICACION (#1610)  VERIFIQUE DIAS A PUBLICAR

D: 16-04-2012  H: 11:11:21  M: INGRESO  U: ALICIA
###  ERROR De OPERACION (#1745)  EN CALENDARIO (NO HA MARCADO DIAS)

D: 16-04-2012  H: 11:58:05  M: INGRESO  U: ALICIA
###  ERROR De OPERACION (#1745)  EN CALENDARIO (NO HA MARCADO DIAS)

D: 16-04-2012  H: 11:59:15  M: INGRESO  U: ALICIA
###  ERROR De OPERACION (#1720)  AVISO NO ENCONTRADO

D: 16-04-2012  H: 11:59:17  M: INGRESO  U: ALICIA
###  ERROR De OPERACION (#1725)  EN RUBRO

D: 16-04-2012  H: 12:19:54  M: INGRESO  U: ALICIA
###  ERROR De OPERACION (#1745)  EN CALENDARIO (NO HA MARCADO DIAS)

D: 16-04-2012  H: 12:20:08  M: INGRESO  U: ALICIA
###  ERROR De OPERACION (#1745)  EN CALENDARIO (NO HA MARCADO DIAS)

D: 16-04-2012  H: 12:30:50  M: INGRESO  U: ALICIA
###  ERROR en VERIFICACION (#1610)  VERIFIQUE DIAS A PUBLICAR

D: 16-04-2012  H: 12:35:51  M: INGRESO  U: ALICIA
###  ERROR en VERIFICACION (#1610)  VERIFIQUE DIAS A PUBLICAR

D: 16-04-2012  H: 12:35:52  M: INGRESO  U: ALICIA
###  ERROR De OPERACION (#1745)  EN CALENDARIO (NO HA MARCADO DIAS)

D: 16-04-2012  H: 12:37:20  M: INGRESO  U: ALICIA
###  ERROR en VERIFICACION (#1610)  VERIFIQUE DIAS A PUBLICAR

D: 16-04-2012  H: 12:37:22  M: INGRESO  U: ALICIA
###  ERROR De OPERACION (#1745)  EN CALENDARIO (NO HA MARCADO DIAS)

D: 16-04-2012  H: 12:38:06  M: INGRESO  U: ALICIA
###  ERROR en VERIFICACION (#1610)  VERIFIQUE DIAS A PUBLICAR

D: 16-04-2012  H: 12:38:08  M: INGRESO  U: ALICIA
###  ERROR De OPERACION (#1745)  EN CALENDARIO (NO HA MARCADO DIAS)

D: 16-04-2012  H: 12:38:35  M: INGRESO  U: ALICIA
###  ERROR en VERIFICACION (#1610)  VERIFIQUE DIAS A PUBLICAR

D: 16-04-2012  H: 12:39:24  M: INGRESO  U: ALICIA
###  ERROR en VERIFICACION (#1610)  VERIFIQUE DIAS A PUBLICAR

D: 16-04-2012  H: 12:39:26  M: INGRESO  U: ALICIA
###  ERROR De OPERACION (#1745)  EN CALENDARIO (NO HA MARCADO DIAS)

D: 16-04-2012  H: 12:45:25  M: INGRESO  U: ALICIA
###  ERROR en VERIFICACION (#1610)  VERIFIQUE DIAS A PUBLICAR

D: 16-04-2012  H: 12:45:27  M: INGRESO  U: ALICIA
###  ERROR De OPERACION (#1745)  EN CALENDARIO (NO HA MARCADO DIAS)

D: 16-04-2012  H: 12:46:01  M: INGRESO  U: ALICIA
###  ERROR en VERIFICACION (#1610)  VERIFIQUE DIAS A PUBLICAR

D: 16-04-2012  H: 12:46:03  M: INGRESO  U: ALICIA
###  ERROR De OPERACION (#1745)  EN CALENDARIO (NO HA MARCADO DIAS)

D: 16-04-2012  H: 12:47:27  M: INGRESO  U: ALICIA
###  ERROR en VERIFICACION (#1610)  VERIFIQUE DIAS A PUBLICAR

D: 16-04-2012  H: 12:47:29  M: INGRESO  U: ALICIA
###  ERROR De OPERACION (#1745)  EN CALENDARIO (NO HA MARCADO DIAS)

D: 16-04-2012  H: 12:48:08  M: INGRESO  U: ALICIA
###  ERROR en VERIFICACION (#1610)  VERIFIQUE DIAS A PUBLICAR

D: 16-04-2012  H: 12:48:09  M: INGRESO  U: ALICIA
###  ERROR De OPERACION (#1745)  EN CALENDARIO (NO HA MARCADO DIAS)

D: 16-04-2012  H: 12:48:51  M: INGRESO  U: ALICIA
###  ERROR en VERIFICACION (#1610)  VERIFIQUE DIAS A PUBLICAR

D: 16-04-2012  H: 12:48:53  M: INGRESO  U: ALICIA
###  ERROR De OPERACION (#1745)  EN CALENDARIO (NO HA MARCADO DIAS)

D: 16-04-2012  H: 12:49:45  M: INGRESO  U: ALICIA
###  ERROR en VERIFICACION (#1610)  VERIFIQUE DIAS A PUBLICAR

D: 16-04-2012  H: 12:49:49  M: INGRESO  U: ALICIA
###  ERROR De OPERACION (#1745)  EN CALENDARIO (NO HA MARCADO DIAS)

D: 16-04-2012  H: 13:06:46  M: INGRESO  U: ALICIA
###  ERROR en VERIFICACION (#1610)  VERIFIQUE DIAS A PUBLICAR

D: 16-04-2012  H: 13:24:00  M: INGRESO  U: ALICIA
###  ERROR De OPERACION (#1745)  EN CALENDARIO (NO HA MARCADO DIAS)

D: 16-04-2012  H: 13:24:57  M: INGRESO  U: ALICIA
###  NO ESTAN PERMITIDAS ALTAS CUANDO MODIFICA (#1795)  

D: 16-04-2012  H: 13:25:12  M: INGRESO  U: ALICIA
###  NO ESTAN PERMITIDAS ALTAS CUANDO MODIFICA (#1795)  

D: 16-04-2012  H: 13:25:26  M: INGRESO  U: ALICIA
###  ERROR en VERIFICACION (#1610)  VERIFIQUE DIAS A PUBLICAR

D: 16-04-2012  H: 13:25:48  M: INGRESO  U: ALICIA
###  ERROR De OPERACION (#1745)  EN CALENDARIO (NO HA MARCADO DIAS)

D: 16-04-2012  H: 13:41:11  M: INGRESO  U: ALICIA
###  ERROR De OPERACION (#1745)  EN CALENDARIO (NO HA MARCADO DIAS)

D: 16-04-2012  H: 13:43:37  M: INGRESO  U: ALICIA
###  ERROR en VERIFICACION (#1610)  VERIFIQUE DIAS A PUBLICAR

D: 16-04-2012  H: 13:45:56  M: INGRESO  U: ALICIA
###  ERROR De OPERACION (#1745)  EN CALENDARIO (NO HA MARCADO DIAS)

D: 16-04-2012  H: 13:46:11  M: INGRESO  U: ALICIA
###  ERROR De OPERACION (#1745)  EN CALENDARIO (NO HA MARCADO DIAS)

D: 16-04-2012  H: 13:46:41  M: INGRESO  U: ALICIA
###  ERROR De OPERACION (#1745)  EN CALENDARIO (NO HA MARCADO DIAS)

D: 16-04-2012  H: 13:47:13  M: INGRESO  U: ALICIA
###  ERROR De OPERACION (#1745)  EN CALENDARIO (NO HA MARCADO DIAS)

D: 16-04-2012  H: 13:47:42  M: INGRESO  U: ALICIA
###  ERROR De OPERACION (#1745)  EN CALENDARIO (NO HA MARCADO DIAS)

D: 16-04-2012  H: 13:48:04  M: INGRESO  U: ALICIA
###  ERROR De OPERACION (#1745)  EN CALENDARIO (NO HA MARCADO DIAS)

D: 16-04-2012  H: 13:48:10  M: INGRESO  U: ALICIA
###  ERROR De OPERACION (#1745)  EN CALENDARIO (NO HA MARCADO DIAS)

D: 16-04-2012  H: 13:48:22  M: INGRESO  U: ALICIA
###  ERROR De OPERACION (#1745)  EN CALENDARIO (NO HA MARCADO DIAS)

D: 16-04-2012  H: 13:58:05  M: INGRESO  U: ALICIA
###  ERROR De OPERACION (#1740)  EN TEXTO (NO HA TIPEADO EL TEXTO)

D: 16-04-2012  H: 14:01:10  M: INGRESO  U: ALICIA
###  ERROR De OPERACION (#1720)  AVISO NO ENCONTRADO

D: 16-04-2012  H: 14:05:45  M: INGRESO  U: ALICIA
###  ERROR De OPERACION (#1740)  EN TEXTO (NO HA TIPEADO EL TEXTO)

D: 16-04-2012  H: 14:13:00  M: INGRESO  U: ALICIA
###  ERROR De OPERACION (#1740)  EN TEXTO (NO HA TIPEADO EL TEXTO)

D: 16-04-2012  H: 16:19:30  M: INGRESO  U: ALICIA
###  ERROR De OPERACION (#1740)  EN TEXTO (NO HA TIPEADO EL TEXTO)

D: 16-04-2012  H: 16:20:57  M: INGRESO  U: ALICIA
###  ERROR De OPERACION (#1720)  AVISO NO ENCONTRADO

D: 16-04-2012  H: 16:22:05  M: INGRESO  U: ALICIA
###  ERROR De OPERACION (#1745)  EN CALENDARIO (NO HA MARCADO DIAS)

D: 16-04-2012  H: 18:02:08  M: INGRESO  U: ALICIA
###  ERROR De OPERACION (#1725)  EN RUBRO

D: 16-04-2012  H: 18:05:49  M: INGRESO  U: ALICIA
###  ERROR De OPERACION (#1745)  EN CALENDARIO (NO HA MARCADO DIAS)

D: 17-04-2012  H: 08:21:13  M: INGRESO  U: 
###  ERROR De OPERACION (#1710)  DEMASIADOS REINTENTOS DE LOGEO

D: 17-04-2012  H: 09:22:19  M: INGRESO  U: ALICIA
###  ERROR De OPERACION (#1745)  EN CALENDARIO (NO HA MARCADO DIAS)

D: 17-04-2012  H: 09:22:23  M: INGRESO  U: ALICIA
###  ERROR De OPERACION (#1745)  EN CALENDARIO (NO HA MARCADO DIAS)

D: 17-04-2012  H: 09:34:03  M: INGRESO  U: ALICIA
###  ERROR en VERIFICACION (#1610)  VERIFIQUE DIAS A PUBLICAR

D: 17-04-2012  H: 09:47:56  M: INGRESO  U: ALICIA
###  ERROR en VERIFICACION (#1610)  VERIFIQUE DIAS A PUBLICAR

D: 17-04-2012  H: 09:47:58  M: INGRESO  U: ALICIA
###  ERROR De OPERACION (#1745)  EN CALENDARIO (NO HA MARCADO DIAS)

D: 17-04-2012  H: 09:52:02  M: INGRESO  U: ALICIA
###  ERROR en VERIFICACION (#1610)  VERIFIQUE DIAS A PUBLICAR

D: 17-04-2012  H: 10:17:52  M: INGRESO  U: ALICIA
###  ERROR en VERIFICACION (#1610)  VERIFIQUE DIAS A PUBLICAR

D: 17-04-2012  H: 10:18:02  M: INGRESO  U: ALICIA
###  ERROR De OPERACION (#1745)  EN CALENDARIO (NO HA MARCADO DIAS)

D: 17-04-2012  H: 10:21:48  M: INGRESO  U: ALICIA
###  NO ESTAN PERMITIDAS ALTAS CUANDO MODIFICA (#1795)  

D: 17-04-2012  H: 10:35:18  M: INGRESO  U: ALICIA
###  ERROR en VERIFICACION (#1610)  VERIFIQUE DIAS A PUBLICAR

D: 17-04-2012  H: 10:35:19  M: INGRESO  U: ALICIA
###  ERROR De OPERACION (#1745)  EN CALENDARIO (NO HA MARCADO DIAS)

D: 17-04-2012  H: 10:35:43  M: INGRESO  U: ALICIA
###  ERROR De OPERACION (#1745)  EN CALENDARIO (NO HA MARCADO DIAS)

D: 17-04-2012  H: 11:25:21  M: INGRESO  U: ALICIA
###  ERROR en VERIFICACION (#1610)  VERIFIQUE DIAS A PUBLICAR

D: 17-04-2012  H: 11:38:42  M: INGRESO  U: ALICIA
###  ERROR De OPERACION (#1745)  EN CALENDARIO (NO HA MARCADO DIAS)

D: 17-04-2012  H: 12:58:52  M: INGRESO  U: ALICIA
###  ERROR De OPERACION (#1705)  Rango de b£squeda recortado > VISUALIZACION PARCIAL <

D: 17-04-2012  H: 12:58:58  M: INGRESO  U: ALICIA
###  ERROR De OPERACION (#1745)  EN CALENDARIO (NO HA MARCADO DIAS)

D: 17-04-2012  H: 13:19:20  M: INGRESO  U: ALICIA
###  ERROR De OPERACION (#1740)  EN TEXTO (NO HA TIPEADO EL TEXTO)

D: 17-04-2012  H: 13:46:41  M: INGRESO  U: 
###  ERROR De OPERACION (#1710)  DEMASIADOS REINTENTOS DE LOGEO

D: 17-04-2012  H: 14:46:27  M: INGRESO  U: ALICIA
###  ERROR en VERIFICACION (#1610)  VERIFIQUE DIAS A PUBLICAR

D: 17-04-2012  H: 15:13:51  M: INGRESO  U: ALICA
###  ERROR De OPERACION (#1710)  DEMASIADOS REINTENTOS DE LOGEO

D: 17-04-2012  H: 18:28:45  M: INGRESO  U: 
###  ERROR De OPERACION (#1710)  DEMASIADOS REINTENTOS DE LOGEO